<?xml version="1.0" encoding="UTF-8"?>
<!-- Generated by org.testng.reporters.JUnitReportReporter -->
<testsuite hostname="MB-AAres.fibertel.com.ar" failures="0" tests="1" name="qu.scenarios.EmptyLoginScenario" time="2.876" errors="0" timestamp="2023-04-27T16:57:47 ART" skipped="0">
  <testcase classname="qu.scenarios.EmptyLoginScenario" name="emptyCredentialValidations" time="2.876"/>
</testsuite> <!-- qu.scenarios.EmptyLoginScenario -->
