<?xml version="1.0" encoding="UTF-8"?>
<!-- Generated by org.testng.reporters.JUnitReportReporter -->
<testsuite hostname="MB-AAres.fibertel.com.ar" failures="0" tests="1" name="qu.scenarios.CheckoutCartScenario" time="4.249" errors="0" timestamp="2023-04-27T16:57:47 ART" skipped="0">
  <testcase classname="qu.scenarios.CheckoutCartScenario" name="checkoutCartValidations" time="4.249"/>
</testsuite> <!-- qu.scenarios.CheckoutCartScenario -->
