<?xml version="1.0" encoding="UTF-8"?>
<!-- Generated by org.testng.reporters.JUnitReportReporter -->
<testsuite hostname="MB-AAres.fibertel.com.ar" failures="0" tests="1" name="qu.scenarios.SearchScenario" time="5.683" errors="0" timestamp="2023-04-27T16:57:47 ART" skipped="0">
  <testcase classname="qu.scenarios.SearchScenario" name="searchValueValidations" time="5.683"/>
</testsuite> <!-- qu.scenarios.SearchScenario -->
