<?xml version="1.0" encoding="UTF-8"?>
<!-- Generated by org.testng.reporters.JUnitReportReporter -->
<testsuite hostname="MB-AAres.fibertel.com.ar" failures="0" tests="1" name="qu.scenarios.SearchEmptyScenario" time="6.649" errors="0" timestamp="2023-04-27T16:57:47 ART" skipped="0">
  <testcase classname="qu.scenarios.SearchEmptyScenario" name="searchValueValidations" time="6.649"/>
</testsuite> <!-- qu.scenarios.SearchEmptyScenario -->
